INFO	2021/05/07 17:28:53 Start server 127.0.0.1 :7777
ERROR	2021/05/07 http: panic serving 127.0.0.1:45548: http: multiple registrations for /h
goroutine 18 [running]:
net/http.(*conn).serve.func1(0xc0000980a0)
	/snap/go/7360/src/net/http/server.go:1824 +0x153
panic(0x7630a0, 0xc0000a0160)
	/snap/go/7360/src/runtime/panic.go:971 +0x499
net/http.(*ServeMux).Handle(0xc00009e000, 0x7d4534, 0x2, 0x84ac40, 0xc0000a0150)
	/snap/go/7360/src/net/http/server.go:2464 +0x2c5
net/http.(*ServeMux).HandleFunc(...)
	/snap/go/7360/src/net/http/server.go:2501
main.(*application).routes.func1(0x84f5c0, 0xc000182000, 0xc0000d8200)
	/home/f0rchy/go/src/kursach2.0/cmd/routes.go:21 +0x17f
net/http.HandlerFunc.ServeHTTP(0xc00009c018, 0x84f5c0, 0xc000182000, 0xc0000d8200)
	/snap/go/7360/src/net/http/server.go:2069 +0x44
net/http.(*ServeMux).ServeHTTP(0xc00009e000, 0x84f5c0, 0xc000182000, 0xc0000d8200)
	/snap/go/7360/src/net/http/server.go:2448 +0x1ad
net/http.serverHandler.ServeHTTP(0xc0000a6000, 0x84f5c0, 0xc000182000, 0xc0000d8200)
	/snap/go/7360/src/net/http/server.go:2887 +0xa3
net/http.(*conn).serve(0xc0000980a0, 0x84fe20, 0xc00009e080)
	/snap/go/7360/src/net/http/server.go:1952 +0x8cd
created by net/http.(*Server).Serve
	/snap/go/7360/src/net/http/server.go:3013 +0x39b
ERROR	2021/05/07 http: panic serving 127.0.0.1:45550: http: multiple registrations for /h
goroutine 10 [running]:
net/http.(*conn).serve.func1(0xc000112f00)
	/snap/go/7360/src/net/http/server.go:1824 +0x153
panic(0x7630a0, 0xc0000a0250)
	/snap/go/7360/src/runtime/panic.go:971 +0x499
net/http.(*ServeMux).Handle(0xc00009e000, 0x7d4534, 0x2, 0x84ac40, 0xc0000a0240)
	/snap/go/7360/src/net/http/server.go:2464 +0x2c5
net/http.(*ServeMux).HandleFunc(...)
	/snap/go/7360/src/net/http/server.go:2501
main.(*application).routes.func1(0x84f5c0, 0xc0000a62a0, 0xc000156200)
	/home/f0rchy/go/src/kursach2.0/cmd/routes.go:21 +0x17f
net/http.HandlerFunc.ServeHTTP(0xc00009c018, 0x84f5c0, 0xc0000a62a0, 0xc000156200)
	/snap/go/7360/src/net/http/server.go:2069 +0x44
net/http.(*ServeMux).ServeHTTP(0xc00009e000, 0x84f5c0, 0xc0000a62a0, 0xc000156200)
	/snap/go/7360/src/net/http/server.go:2448 +0x1ad
net/http.serverHandler.ServeHTTP(0xc0000a6000, 0x84f5c0, 0xc0000a62a0, 0xc000156200)
	/snap/go/7360/src/net/http/server.go:2887 +0xa3
net/http.(*conn).serve(0xc000112f00, 0x84fe20, 0xc00006cac0)
	/snap/go/7360/src/net/http/server.go:1952 +0x8cd
created by net/http.(*Server).Serve
	/snap/go/7360/src/net/http/server.go:3013 +0x39b
ERROR	2021/05/07 http: panic serving 127.0.0.1:45552: http: multiple registrations for /h
goroutine 34 [running]:
net/http.(*conn).serve.func1(0xc000218000)
	/snap/go/7360/src/net/http/server.go:1824 +0x153
panic(0x7630a0, 0xc000013790)
	/snap/go/7360/src/runtime/panic.go:971 +0x499
net/http.(*ServeMux).Handle(0xc00009e000, 0x7d4534, 0x2, 0x84ac40, 0xc000013780)
	/snap/go/7360/src/net/http/server.go:2464 +0x2c5
net/http.(*ServeMux).HandleFunc(...)
	/snap/go/7360/src/net/http/server.go:2501
main.(*application).routes.func1(0x84f5c0, 0xc0001820e0, 0xc000232200)
	/home/f0rchy/go/src/kursach2.0/cmd/routes.go:21 +0x17f
net/http.HandlerFunc.ServeHTTP(0xc00009c018, 0x84f5c0, 0xc0001820e0, 0xc000232200)
	/snap/go/7360/src/net/http/server.go:2069 +0x44
net/http.(*ServeMux).ServeHTTP(0xc00009e000, 0x84f5c0, 0xc0001820e0, 0xc000232200)
	/snap/go/7360/src/net/http/server.go:2448 +0x1ad
net/http.serverHandler.ServeHTTP(0xc0000a6000, 0x84f5c0, 0xc0001820e0, 0xc000232200)
	/snap/go/7360/src/net/http/server.go:2887 +0xa3
net/http.(*conn).serve(0xc000218000, 0x84fe20, 0xc00022e000)
	/snap/go/7360/src/net/http/server.go:1952 +0x8cd
created by net/http.(*Server).Serve
	/snap/go/7360/src/net/http/server.go:3013 +0x39b
ERROR	2021/05/07 http: panic serving 127.0.0.1:45554: http: multiple registrations for /h
goroutine 22 [running]:
net/http.(*conn).serve.func1(0xc000098140)
	/snap/go/7360/src/net/http/server.go:1824 +0x153
panic(0x7630a0, 0xc0000137c0)
	/snap/go/7360/src/runtime/panic.go:971 +0x499
net/http.(*ServeMux).Handle(0xc00009e000, 0x7d4534, 0x2, 0x84ac40, 0xc0000137b0)
	/snap/go/7360/src/net/http/server.go:2464 +0x2c5
net/http.(*ServeMux).HandleFunc(...)
	/snap/go/7360/src/net/http/server.go:2501
main.(*application).routes.func1(0x84f5c0, 0xc0000a6380, 0xc0000d8300)
	/home/f0rchy/go/src/kursach2.0/cmd/routes.go:21 +0x17f
net/http.HandlerFunc.ServeHTTP(0xc00009c018, 0x84f5c0, 0xc0000a6380, 0xc0000d8300)
	/snap/go/7360/src/net/http/server.go:2069 +0x44
net/http.(*ServeMux).ServeHTTP(0xc00009e000, 0x84f5c0, 0xc0000a6380, 0xc0000d8300)
	/snap/go/7360/src/net/http/server.go:2448 +0x1ad
net/http.serverHandler.ServeHTTP(0xc0000a6000, 0x84f5c0, 0xc0000a6380, 0xc0000d8300)
	/snap/go/7360/src/net/http/server.go:2887 +0xa3
net/http.(*conn).serve(0xc000098140, 0x84fe20, 0xc00009e300)
	/snap/go/7360/src/net/http/server.go:1952 +0x8cd
created by net/http.(*Server).Serve
	/snap/go/7360/src/net/http/server.go:3013 +0x39b
ERROR	2021/05/07 http: panic serving 127.0.0.1:45564: http: multiple registrations for /h
goroutine 24 [running]:
net/http.(*conn).serve.func1(0xc0000981e0)
	/snap/go/7360/src/net/http/server.go:1824 +0x153
panic(0x7630a0, 0xc000230880)
	/snap/go/7360/src/runtime/panic.go:971 +0x499
net/http.(*ServeMux).Handle(0xc00009e000, 0x7d4534, 0x2, 0x84ac40, 0xc000230870)
	/snap/go/7360/src/net/http/server.go:2464 +0x2c5
net/http.(*ServeMux).HandleFunc(...)
	/snap/go/7360/src/net/http/server.go:2501
main.(*application).routes.func1(0x84f5c0, 0xc0002420e0, 0xc0000d8700)
	/home/f0rchy/go/src/kursach2.0/cmd/routes.go:21 +0x17f
net/http.HandlerFunc.ServeHTTP(0xc00009c018, 0x84f5c0, 0xc0002420e0, 0xc0000d8700)
	/snap/go/7360/src/net/http/server.go:2069 +0x44
net/http.(*ServeMux).ServeHTTP(0xc00009e000, 0x84f5c0, 0xc0002420e0, 0xc0000d8700)
	/snap/go/7360/src/net/http/server.go:2448 +0x1ad
net/http.serverHandler.ServeHTTP(0xc0000a6000, 0x84f5c0, 0xc0002420e0, 0xc0000d8700)
	/snap/go/7360/src/net/http/server.go:2887 +0xa3
net/http.(*conn).serve(0xc0000981e0, 0x84fe20, 0xc00009e440)
	/snap/go/7360/src/net/http/server.go:1952 +0x8cd
created by net/http.(*Server).Serve
	/snap/go/7360/src/net/http/server.go:3013 +0x39b
ERROR	2021/05/07 http: panic serving 127.0.0.1:45566: http: multiple registrations for /h
goroutine 12 [running]:
net/http.(*conn).serve.func1(0xc000112fa0)
	/snap/go/7360/src/net/http/server.go:1824 +0x153
panic(0x7630a0, 0xc0002308b0)
	/snap/go/7360/src/runtime/panic.go:971 +0x499
net/http.(*ServeMux).Handle(0xc00009e000, 0x7d4534, 0x2, 0x84ac40, 0xc0002308a0)
	/snap/go/7360/src/net/http/server.go:2464 +0x2c5
net/http.(*ServeMux).HandleFunc(...)
	/snap/go/7360/src/net/http/server.go:2501
main.(*application).routes.func1(0x84f5c0, 0xc0001821c0, 0xc000156300)
	/home/f0rchy/go/src/kursach2.0/cmd/routes.go:21 +0x17f
net/http.HandlerFunc.ServeHTTP(0xc00009c018, 0x84f5c0, 0xc0001821c0, 0xc000156300)
	/snap/go/7360/src/net/http/server.go:2069 +0x44
net/http.(*ServeMux).ServeHTTP(0xc00009e000, 0x84f5c0, 0xc0001821c0, 0xc000156300)
	/snap/go/7360/src/net/http/server.go:2448 +0x1ad
net/http.serverHandler.ServeHTTP(0xc0000a6000, 0x84f5c0, 0xc0001821c0, 0xc000156300)
	/snap/go/7360/src/net/http/server.go:2887 +0xa3
net/http.(*conn).serve(0xc000112fa0, 0x84fe20, 0xc00006cc40)
	/snap/go/7360/src/net/http/server.go:1952 +0x8cd
created by net/http.(*Server).Serve
	/snap/go/7360/src/net/http/server.go:3013 +0x39b
ERROR	2021/05/07 http: panic serving 127.0.0.1:45568: http: multiple registrations for /h
goroutine 14 [running]:
net/http.(*conn).serve.func1(0xc000113040)
	/snap/go/7360/src/net/http/server.go:1824 +0x153
panic(0x7630a0, 0xc0000139d0)
	/snap/go/7360/src/runtime/panic.go:971 +0x499
net/http.(*ServeMux).Handle(0xc00009e000, 0x7d4534, 0x2, 0x84ac40, 0xc0000139c0)
	/snap/go/7360/src/net/http/server.go:2464 +0x2c5
net/http.(*ServeMux).HandleFunc(...)
	/snap/go/7360/src/net/http/server.go:2501
main.(*application).routes.func1(0x84f5c0, 0xc000182380, 0xc000232400)
	/home/f0rchy/go/src/kursach2.0/cmd/routes.go:21 +0x17f
net/http.HandlerFunc.ServeHTTP(0xc00009c018, 0x84f5c0, 0xc000182380, 0xc000232400)
	/snap/go/7360/src/net/http/server.go:2069 +0x44
net/http.(*ServeMux).ServeHTTP(0xc00009e000, 0x84f5c0, 0xc000182380, 0xc000232400)
	/snap/go/7360/src/net/http/server.go:2448 +0x1ad
net/http.serverHandler.ServeHTTP(0xc0000a6000, 0x84f5c0, 0xc000182380, 0xc000232400)
	/snap/go/7360/src/net/http/server.go:2887 +0xa3
net/http.(*conn).serve(0xc000113040, 0x84fe20, 0xc00006cd80)
	/snap/go/7360/src/net/http/server.go:1952 +0x8cd
created by net/http.(*Server).Serve
	/snap/go/7360/src/net/http/server.go:3013 +0x39b
ERROR	2021/05/07 http: panic serving 127.0.0.1:45574: http: multiple registrations for /h
goroutine 40 [running]:
net/http.(*conn).serve.func1(0xc0002181e0)
	/snap/go/7360/src/net/http/server.go:1824 +0x153
panic(0x7630a0, 0xc000013a00)
	/snap/go/7360/src/runtime/panic.go:971 +0x499
net/http.(*ServeMux).Handle(0xc00009e000, 0x7d4534, 0x2, 0x84ac40, 0xc0000139f0)
	/snap/go/7360/src/net/http/server.go:2464 +0x2c5
net/http.(*ServeMux).HandleFunc(...)
	/snap/go/7360/src/net/http/server.go:2501
main.(*application).routes.func1(0x84f5c0, 0xc0002422a0, 0xc000232500)
	/home/f0rchy/go/src/kursach2.0/cmd/routes.go:21 +0x17f
net/http.HandlerFunc.ServeHTTP(0xc00009c018, 0x84f5c0, 0xc0002422a0, 0xc000232500)
	/snap/go/7360/src/net/http/server.go:2069 +0x44
net/http.(*ServeMux).ServeHTTP(0xc00009e000, 0x84f5c0, 0xc0002422a0, 0xc000232500)
	/snap/go/7360/src/net/http/server.go:2448 +0x1ad
net/http.serverHandler.ServeHTTP(0xc0000a6000, 0x84f5c0, 0xc0002422a0, 0xc000232500)
	/snap/go/7360/src/net/http/server.go:2887 +0xa3
net/http.(*conn).serve(0xc0002181e0, 0x84fe20, 0xc00022f240)
	/snap/go/7360/src/net/http/server.go:1952 +0x8cd
created by net/http.(*Server).Serve
	/snap/go/7360/src/net/http/server.go:3013 +0x39b
ERROR	2021/05/07 http: panic serving 127.0.0.1:45576: http: multiple registrations for /h
goroutine 42 [running]:
net/http.(*conn).serve.func1(0xc000218280)
	/snap/go/7360/src/net/http/server.go:1824 +0x153
panic(0x7630a0, 0xc000013b30)
	/snap/go/7360/src/runtime/panic.go:971 +0x499
net/http.(*ServeMux).Handle(0xc00009e000, 0x7d4534, 0x2, 0x84ac40, 0xc000013b20)
	/snap/go/7360/src/net/http/server.go:2464 +0x2c5
net/http.(*ServeMux).HandleFunc(...)
	/snap/go/7360/src/net/http/server.go:2501
main.(*application).routes.func1(0x84f5c0, 0xc000182540, 0xc000232800)
	/home/f0rchy/go/src/kursach2.0/cmd/routes.go:21 +0x17f
net/http.HandlerFunc.ServeHTTP(0xc00009c018, 0x84f5c0, 0xc000182540, 0xc000232800)
	/snap/go/7360/src/net/http/server.go:2069 +0x44
net/http.(*ServeMux).ServeHTTP(0xc00009e000, 0x84f5c0, 0xc000182540, 0xc000232800)
	/snap/go/7360/src/net/http/server.go:2448 +0x1ad
net/http.serverHandler.ServeHTTP(0xc0000a6000, 0x84f5c0, 0xc000182540, 0xc000232800)
	/snap/go/7360/src/net/http/server.go:2887 +0xa3
net/http.(*conn).serve(0xc000218280, 0x84fe20, 0xc00022f340)
	/snap/go/7360/src/net/http/server.go:1952 +0x8cd
created by net/http.(*Server).Serve
	/snap/go/7360/src/net/http/server.go:3013 +0x39b
ERROR	2021/05/07 http: panic serving 127.0.0.1:45580: http: multiple registrations for /h
goroutine 29 [running]:
net/http.(*conn).serve.func1(0xc000098460)
	/snap/go/7360/src/net/http/server.go:1824 +0x153
panic(0x7630a0, 0xc0000a1e50)
	/snap/go/7360/src/runtime/panic.go:971 +0x499
net/http.(*ServeMux).Handle(0xc00009e000, 0x7d4534, 0x2, 0x84ac40, 0xc0000a1e40)
	/snap/go/7360/src/net/http/server.go:2464 +0x2c5
net/http.(*ServeMux).HandleFunc(...)
	/snap/go/7360/src/net/http/server.go:2501
main.(*application).routes.func1(0x84f5c0, 0xc0000a6540, 0xc0000d8c00)
	/home/f0rchy/go/src/kursach2.0/cmd/routes.go:21 +0x17f
net/http.HandlerFunc.ServeHTTP(0xc00009c018, 0x84f5c0, 0xc0000a6540, 0xc0000d8c00)
	/snap/go/7360/src/net/http/server.go:2069 +0x44
net/http.(*ServeMux).ServeHTTP(0xc00009e000, 0x84f5c0, 0xc0000a6540, 0xc0000d8c00)
	/snap/go/7360/src/net/http/server.go:2448 +0x1ad
net/http.serverHandler.ServeHTTP(0xc0000a6000, 0x84f5c0, 0xc0000a6540, 0xc0000d8c00)
	/snap/go/7360/src/net/http/server.go:2887 +0xa3
net/http.(*conn).serve(0xc000098460, 0x84fe20, 0xc00009ff80)
	/snap/go/7360/src/net/http/server.go:1952 +0x8cd
created by net/http.(*Server).Serve
	/snap/go/7360/src/net/http/server.go:3013 +0x39b
